<?xml version="1.0" encoding="UTF-8"?>
<!-- Generated by org.testng.reporters.JUnitXMLReporter -->
<testsuite ignored="0" hostname="LTPBAN322675624" failures="0" tests="2" name="Execute Set B" time="17.371" errors="0" timestamp="2026-05-22T15:48:52 IST">
  <testcase classname="io.cucumber.testng.AbstractTestNGCucumberTests" name="runScenario" time="11.321"/>
  <testcase classname="io.cucumber.testng.AbstractTestNGCucumberTests" name="runScenario" time="17.273"/>
</testsuite> <!-- Execute Set B -->
