<?xml version="1.0" encoding="UTF-8"?>
<!-- Generated by org.testng.reporters.JUnitXMLReporter -->
<testsuite ignored="0" hostname="LTPBAN322675624" failures="0" tests="2" name="Execute Set I" time="18.697" errors="0" timestamp="2026-05-22T15:51:44 IST">
  <testcase classname="io.cucumber.testng.AbstractTestNGCucumberTests" name="runScenario" time="15.886"/>
  <testcase classname="io.cucumber.testng.AbstractTestNGCucumberTests" name="runScenario" time="18.632"/>
</testsuite> <!-- Execute Set I -->
