<?xml version="1.0" encoding="UTF-8"?>
<!-- Generated by org.testng.reporters.JUnitXMLReporter -->
<testsuite ignored="0" hostname="LTPBAN322675624" failures="0" tests="2" name="Execute Set E" time="22.243" errors="0" timestamp="2026-05-22T15:50:02 IST">
  <testcase classname="io.cucumber.testng.AbstractTestNGCucumberTests" name="runScenario" time="21.04"/>
  <testcase classname="io.cucumber.testng.AbstractTestNGCucumberTests" name="runScenario" time="22.173"/>
</testsuite> <!-- Execute Set E -->
