<?xml version="1.0" encoding="UTF-8"?>
<testng-results ignored="0" total="4" passed="4" failed="0" skipped="0">
  <reporter-output>
  </reporter-output>
  <suite started-at="2026-04-30T14:43:40 IST" name="Default suite" finished-at="2026-04-30T14:44:12 IST" duration-ms="31635">
    <groups>
      <group name="cucumber">
        <method signature="AbstractTestNGCucumberTests.runScenario(io.cucumber.testng.PickleWrapper,io.cucumber.testng.FeatureWrapper)[pri:0, instance:com.jivkisan.runners.RunCucumberTest@6b6776cb]" name="runScenario" class="io.cucumber.testng.AbstractTestNGCucumberTests"/>
      </group> <!-- cucumber -->
    </groups>
    <test started-at="2026-04-30T14:43:40 IST" name="Default test" finished-at="2026-04-30T14:44:12 IST" duration-ms="31635">
      <class name="com.jivkisan.runners.RunCucumberTest">
        <test-method is-config="true" signature="setUpClass(org.testng.ITestContext)[pri:0, instance:com.jivkisan.runners.RunCucumberTest@6b6776cb]" started-at="2026-04-30T14:43:40 IST" name="setUpClass" finished-at="2026-04-30T14:43:41 IST" duration-ms="590" status="PASS">
          <params>
            <param index="0">
              <value>
                <![CDATA[org.testng.TestRunner@32bb0072]]>
              </value>
            </param>
          </params>
          <reporter-output>
          </reporter-output>
        </test-method> <!-- setUpClass -->
        <test-method signature="runScenario(io.cucumber.testng.PickleWrapper,io.cucumber.testng.FeatureWrapper)[pri:0, instance:com.jivkisan.runners.RunCucumberTest@6b6776cb]" started-at="2026-04-30T14:43:41 IST" name="runScenario" description="Runs Cucumber Scenarios" data-provider="scenarios" finished-at="2026-04-30T14:43:48 IST" duration-ms="7888" status="PASS">
          <params>
            <param index="0">
              <value>
                <![CDATA["Successful Admin Login"]]>
              </value>
            </param>
            <param index="1">
              <value>
                <![CDATA["JivKisan Authentication"]]>
              </value>
            </param>
          </params>
          <reporter-output>
          </reporter-output>
        </test-method> <!-- runScenario -->
        <test-method signature="runScenario(io.cucumber.testng.PickleWrapper,io.cucumber.testng.FeatureWrapper)[pri:0, instance:com.jivkisan.runners.RunCucumberTest@6b6776cb]" started-at="2026-04-30T14:43:48 IST" name="runScenario" description="Runs Cucumber Scenarios" data-provider="scenarios" finished-at="2026-04-30T14:43:57 IST" duration-ms="8354" status="PASS">
          <params>
            <param index="0">
              <value>
                <![CDATA["Admin panel access validation"]]>
              </value>
            </param>
            <param index="1">
              <value>
                <![CDATA["JivKisan Authentication"]]>
              </value>
            </param>
          </params>
          <reporter-output>
          </reporter-output>
        </test-method> <!-- runScenario -->
        <test-method signature="runScenario(io.cucumber.testng.PickleWrapper,io.cucumber.testng.FeatureWrapper)[pri:0, instance:com.jivkisan.runners.RunCucumberTest@6b6776cb]" started-at="2026-04-30T14:43:57 IST" name="runScenario" description="Runs Cucumber Scenarios" data-provider="scenarios" finished-at="2026-04-30T14:44:05 IST" duration-ms="7713" status="PASS">
          <params>
            <param index="0">
              <value>
                <![CDATA["Admin panel access validation"]]>
              </value>
            </param>
            <param index="1">
              <value>
                <![CDATA["JivKisan Authentication"]]>
              </value>
            </param>
          </params>
          <reporter-output>
          </reporter-output>
        </test-method> <!-- runScenario -->
        <test-method signature="runScenario(io.cucumber.testng.PickleWrapper,io.cucumber.testng.FeatureWrapper)[pri:0, instance:com.jivkisan.runners.RunCucumberTest@6b6776cb]" started-at="2026-04-30T14:44:05 IST" name="runScenario" description="Runs Cucumber Scenarios" data-provider="scenarios" finished-at="2026-04-30T14:44:12 IST" duration-ms="6985" status="PASS">
          <params>
            <param index="0">
              <value>
                <![CDATA["Successful Normal User Login"]]>
              </value>
            </param>
            <param index="1">
              <value>
                <![CDATA["JivKisan Authentication"]]>
              </value>
            </param>
          </params>
          <reporter-output>
          </reporter-output>
        </test-method> <!-- runScenario -->
        <test-method is-config="true" signature="tearDownClass()[pri:0, instance:com.jivkisan.runners.RunCucumberTest@6b6776cb]" started-at="2026-04-30T14:44:12 IST" name="tearDownClass" finished-at="2026-04-30T14:44:12 IST" duration-ms="62" status="PASS">
          <reporter-output>
          </reporter-output>
        </test-method> <!-- tearDownClass -->
      </class> <!-- com.jivkisan.runners.RunCucumberTest -->
    </test> <!-- Default test -->
  </suite> <!-- Default suite -->
</testng-results>
