<?xml version="1.0" encoding="UTF-8"?>
<testng-results ignored="0" total="20" passed="20" failed="0" skipped="0">
  <reporter-output>
  </reporter-output>
  <suite started-at="2026-05-20T11:03:36 IST" name="JivKisan Strict Ordered Suite" finished-at="2026-05-20T11:06:55 IST" duration-ms="199429">
    <groups>
      <group name="cucumber">
        <method signature="AbstractTestNGCucumberTests.runScenario(io.cucumber.testng.PickleWrapper,io.cucumber.testng.FeatureWrapper)[pri:0, instance:com.jivkisan.runners.RunCucumberTest@1890516e]" name="runScenario" class="io.cucumber.testng.AbstractTestNGCucumberTests"/>
        <method signature="AbstractTestNGCucumberTests.runScenario(io.cucumber.testng.PickleWrapper,io.cucumber.testng.FeatureWrapper)[pri:0, instance:com.jivkisan.runners.RunCucumberTest@420a85c4]" name="runScenario" class="io.cucumber.testng.AbstractTestNGCucumberTests"/>
        <method signature="AbstractTestNGCucumberTests.runScenario(io.cucumber.testng.PickleWrapper,io.cucumber.testng.FeatureWrapper)[pri:0, instance:com.jivkisan.runners.RunCucumberTest@62833051]" name="runScenario" class="io.cucumber.testng.AbstractTestNGCucumberTests"/>
        <method signature="AbstractTestNGCucumberTests.runScenario(io.cucumber.testng.PickleWrapper,io.cucumber.testng.FeatureWrapper)[pri:0, instance:com.jivkisan.runners.RunCucumberTest@266374ef]" name="runScenario" class="io.cucumber.testng.AbstractTestNGCucumberTests"/>
        <method signature="AbstractTestNGCucumberTests.runScenario(io.cucumber.testng.PickleWrapper,io.cucumber.testng.FeatureWrapper)[pri:0, instance:com.jivkisan.runners.RunCucumberTest@a82c5f1]" name="runScenario" class="io.cucumber.testng.AbstractTestNGCucumberTests"/>
        <method signature="AbstractTestNGCucumberTests.runScenario(io.cucumber.testng.PickleWrapper,io.cucumber.testng.FeatureWrapper)[pri:0, instance:com.jivkisan.runners.RunCucumberTest@766653e6]" name="runScenario" class="io.cucumber.testng.AbstractTestNGCucumberTests"/>
        <method signature="AbstractTestNGCucumberTests.runScenario(io.cucumber.testng.PickleWrapper,io.cucumber.testng.FeatureWrapper)[pri:0, instance:com.jivkisan.runners.RunCucumberTest@3b79fd76]" name="runScenario" class="io.cucumber.testng.AbstractTestNGCucumberTests"/>
        <method signature="AbstractTestNGCucumberTests.runScenario(io.cucumber.testng.PickleWrapper,io.cucumber.testng.FeatureWrapper)[pri:0, instance:com.jivkisan.runners.RunCucumberTest@6b6776cb]" name="runScenario" class="io.cucumber.testng.AbstractTestNGCucumberTests"/>
        <method signature="AbstractTestNGCucumberTests.runScenario(io.cucumber.testng.PickleWrapper,io.cucumber.testng.FeatureWrapper)[pri:0, instance:com.jivkisan.runners.RunCucumberTest@55c53a33]" name="runScenario" class="io.cucumber.testng.AbstractTestNGCucumberTests"/>
        <method signature="AbstractTestNGCucumberTests.runScenario(io.cucumber.testng.PickleWrapper,io.cucumber.testng.FeatureWrapper)[pri:0, instance:com.jivkisan.runners.RunCucumberTest@26df6e3a]" name="runScenario" class="io.cucumber.testng.AbstractTestNGCucumberTests"/>
      </group> <!-- cucumber -->
    </groups>
    <test started-at="2026-05-20T11:03:36 IST" name="Execute Set A" finished-at="2026-05-20T11:03:47 IST" duration-ms="10692">
      <class name="com.jivkisan.runners.RunCucumberTest">
        <test-method is-config="true" signature="setUpClass(org.testng.ITestContext)[pri:0, instance:com.jivkisan.runners.RunCucumberTest@1890516e]" started-at="2026-05-20T11:03:36 IST" name="setUpClass" finished-at="2026-05-20T11:03:37 IST" duration-ms="544" status="PASS">
          <params>
            <param index="0">
              <value>
                <![CDATA[org.testng.TestRunner@1eea9d2d]]>
              </value>
            </param>
          </params>
          <reporter-output>
          </reporter-output>
        </test-method> <!-- setUpClass -->
        <test-method signature="runScenario(io.cucumber.testng.PickleWrapper,io.cucumber.testng.FeatureWrapper)[pri:0, instance:com.jivkisan.runners.RunCucumberTest@1890516e]" started-at="2026-05-20T11:03:37 IST" name="runScenario" description="Runs Cucumber Scenarios" data-provider="scenarios" finished-at="2026-05-20T11:03:46 IST" duration-ms="9964" status="PASS">
          <params>
            <param index="0">
              <value>
                <![CDATA["Successful Admin Login"]]>
              </value>
            </param>
            <param index="1">
              <value>
                <![CDATA["JivKisan Authentication"]]>
              </value>
            </param>
          </params>
          <reporter-output>
          </reporter-output>
        </test-method> <!-- runScenario -->
        <test-method signature="runScenario(io.cucumber.testng.PickleWrapper,io.cucumber.testng.FeatureWrapper)[pri:0, instance:com.jivkisan.runners.RunCucumberTest@1890516e]" started-at="2026-05-20T11:03:37 IST" name="runScenario" description="Runs Cucumber Scenarios" data-provider="scenarios" finished-at="2026-05-20T11:03:47 IST" duration-ms="10022" status="PASS">
          <params>
            <param index="0">
              <value>
                <![CDATA["Successful Normal User Login"]]>
              </value>
            </param>
            <param index="1">
              <value>
                <![CDATA["JivKisan Authentication"]]>
              </value>
            </param>
          </params>
          <reporter-output>
          </reporter-output>
        </test-method> <!-- runScenario -->
        <test-method is-config="true" signature="tearDownClass()[pri:0, instance:com.jivkisan.runners.RunCucumberTest@1890516e]" started-at="2026-05-20T11:03:47 IST" name="tearDownClass" finished-at="2026-05-20T11:03:47 IST" duration-ms="70" status="PASS">
          <reporter-output>
          </reporter-output>
        </test-method> <!-- tearDownClass -->
      </class> <!-- com.jivkisan.runners.RunCucumberTest -->
    </test> <!-- Execute Set A -->
    <test started-at="2026-05-20T11:03:47 IST" name="Execute Set B" finished-at="2026-05-20T11:04:03 IST" duration-ms="16324">
      <class name="com.jivkisan.runners.RunCucumberTest">
        <test-method is-config="true" signature="setUpClass(org.testng.ITestContext)[pri:0, instance:com.jivkisan.runners.RunCucumberTest@420a85c4]" started-at="2026-05-20T11:03:47 IST" name="setUpClass" finished-at="2026-05-20T11:03:47 IST" duration-ms="32" status="PASS">
          <params>
            <param index="0">
              <value>
                <![CDATA[org.testng.TestRunner@60921b21]]>
              </value>
            </param>
          </params>
          <reporter-output>
          </reporter-output>
        </test-method> <!-- setUpClass -->
        <test-method signature="runScenario(io.cucumber.testng.PickleWrapper,io.cucumber.testng.FeatureWrapper)[pri:0, instance:com.jivkisan.runners.RunCucumberTest@420a85c4]" started-at="2026-05-20T11:03:47 IST" name="runScenario" description="Runs Cucumber Scenarios" data-provider="scenarios" finished-at="2026-05-20T11:03:56 IST" duration-ms="9161" status="PASS">
          <params>
            <param index="0">
              <value>
                <![CDATA["Admin panel access validation for Chandini"]]>
              </value>
            </param>
            <param index="1">
              <value>
                <![CDATA["JivKisan Authentication"]]>
              </value>
            </param>
          </params>
          <reporter-output>
          </reporter-output>
        </test-method> <!-- runScenario -->
        <test-method signature="runScenario(io.cucumber.testng.PickleWrapper,io.cucumber.testng.FeatureWrapper)[pri:0, instance:com.jivkisan.runners.RunCucumberTest@420a85c4]" started-at="2026-05-20T11:03:47 IST" name="runScenario" description="Runs Cucumber Scenarios" data-provider="scenarios" finished-at="2026-05-20T11:04:03 IST" duration-ms="16248" status="PASS">
          <params>
            <param index="0">
              <value>
                <![CDATA["Add any two products to cart and verify details in cart menu"]]>
              </value>
            </param>
            <param index="1">
              <value>
                <![CDATA["JivKisan Authentication"]]>
              </value>
            </param>
          </params>
          <reporter-output>
          </reporter-output>
        </test-method> <!-- runScenario -->
        <test-method is-config="true" signature="tearDownClass()[pri:0, instance:com.jivkisan.runners.RunCucumberTest@420a85c4]" started-at="2026-05-20T11:04:03 IST" name="tearDownClass" finished-at="2026-05-20T11:04:03 IST" duration-ms="37" status="PASS">
          <reporter-output>
          </reporter-output>
        </test-method> <!-- tearDownClass -->
      </class> <!-- com.jivkisan.runners.RunCucumberTest -->
    </test> <!-- Execute Set B -->
    <test started-at="2026-05-20T11:04:03 IST" name="Execute Set C" finished-at="2026-05-20T11:04:20 IST" duration-ms="16734">
      <class name="com.jivkisan.runners.RunCucumberTest">
        <test-method is-config="true" signature="setUpClass(org.testng.ITestContext)[pri:0, instance:com.jivkisan.runners.RunCucumberTest@62833051]" started-at="2026-05-20T11:04:03 IST" name="setUpClass" finished-at="2026-05-20T11:04:03 IST" duration-ms="34" status="PASS">
          <params>
            <param index="0">
              <value>
                <![CDATA[org.testng.TestRunner@bd2f5a9]]>
              </value>
            </param>
          </params>
          <reporter-output>
          </reporter-output>
        </test-method> <!-- setUpClass -->
        <test-method signature="runScenario(io.cucumber.testng.PickleWrapper,io.cucumber.testng.FeatureWrapper)[pri:0, instance:com.jivkisan.runners.RunCucumberTest@62833051]" started-at="2026-05-20T11:04:03 IST" name="runScenario" description="Runs Cucumber Scenarios" data-provider="scenarios" finished-at="2026-05-20T11:04:14 IST" duration-ms="10721" status="PASS">
          <params>
            <param index="0">
              <value>
                <![CDATA["Count number of Orders and Applications"]]>
              </value>
            </param>
            <param index="1">
              <value>
                <![CDATA["JivKisan Authentication"]]>
              </value>
            </param>
          </params>
          <reporter-output>
          </reporter-output>
        </test-method> <!-- runScenario -->
        <test-method signature="runScenario(io.cucumber.testng.PickleWrapper,io.cucumber.testng.FeatureWrapper)[pri:0, instance:com.jivkisan.runners.RunCucumberTest@62833051]" started-at="2026-05-20T11:04:03 IST" name="runScenario" description="Runs Cucumber Scenarios" data-provider="scenarios" finished-at="2026-05-20T11:04:20 IST" duration-ms="16663" status="PASS">
          <params>
            <param index="0">
              <value>
                <![CDATA["Submit Raita Membership application"]]>
              </value>
            </param>
            <param index="1">
              <value>
                <![CDATA["JivKisan Authentication"]]>
              </value>
            </param>
          </params>
          <reporter-output>
          </reporter-output>
        </test-method> <!-- runScenario -->
        <test-method is-config="true" signature="tearDownClass()[pri:0, instance:com.jivkisan.runners.RunCucumberTest@62833051]" started-at="2026-05-20T11:04:20 IST" name="tearDownClass" finished-at="2026-05-20T11:04:20 IST" duration-ms="33" status="PASS">
          <reporter-output>
          </reporter-output>
        </test-method> <!-- tearDownClass -->
      </class> <!-- com.jivkisan.runners.RunCucumberTest -->
    </test> <!-- Execute Set C -->
    <test started-at="2026-05-20T11:04:20 IST" name="Execute Set D" finished-at="2026-05-20T11:04:47 IST" duration-ms="26815">
      <class name="com.jivkisan.runners.RunCucumberTest">
        <test-method is-config="true" signature="setUpClass(org.testng.ITestContext)[pri:0, instance:com.jivkisan.runners.RunCucumberTest@266374ef]" started-at="2026-05-20T11:04:20 IST" name="setUpClass" finished-at="2026-05-20T11:04:20 IST" duration-ms="27" status="PASS">
          <params>
            <param index="0">
              <value>
                <![CDATA[org.testng.TestRunner@4d4960c8]]>
              </value>
            </param>
          </params>
          <reporter-output>
          </reporter-output>
        </test-method> <!-- setUpClass -->
        <test-method signature="runScenario(io.cucumber.testng.PickleWrapper,io.cucumber.testng.FeatureWrapper)[pri:0, instance:com.jivkisan.runners.RunCucumberTest@266374ef]" started-at="2026-05-20T11:04:20 IST" name="runScenario" description="Runs Cucumber Scenarios" data-provider="scenarios" finished-at="2026-05-20T11:04:47 IST" duration-ms="26754" status="PASS">
          <params>
            <param index="0">
              <value>
                <![CDATA["Access member-only discussion forum - Shreya"]]>
              </value>
            </param>
            <param index="1">
              <value>
                <![CDATA["JivKisan Authentication"]]>
              </value>
            </param>
          </params>
          <reporter-output>
          </reporter-output>
        </test-method> <!-- runScenario -->
        <test-method signature="runScenario(io.cucumber.testng.PickleWrapper,io.cucumber.testng.FeatureWrapper)[pri:0, instance:com.jivkisan.runners.RunCucumberTest@266374ef]" started-at="2026-05-20T11:04:20 IST" name="runScenario" description="Runs Cucumber Scenarios" data-provider="scenarios" finished-at="2026-05-20T11:04:32 IST" duration-ms="12592" status="PASS">
          <params>
            <param index="0">
              <value>
                <![CDATA["Access member-only discussion forum - Harsha"]]>
              </value>
            </param>
            <param index="1">
              <value>
                <![CDATA["JivKisan Authentication"]]>
              </value>
            </param>
          </params>
          <reporter-output>
          </reporter-output>
        </test-method> <!-- runScenario -->
        <test-method is-config="true" signature="tearDownClass()[pri:0, instance:com.jivkisan.runners.RunCucumberTest@266374ef]" started-at="2026-05-20T11:04:47 IST" name="tearDownClass" finished-at="2026-05-20T11:04:47 IST" duration-ms="30" status="PASS">
          <reporter-output>
          </reporter-output>
        </test-method> <!-- tearDownClass -->
      </class> <!-- com.jivkisan.runners.RunCucumberTest -->
    </test> <!-- Execute Set D -->
    <test started-at="2026-05-20T11:04:47 IST" name="Execute Set E" finished-at="2026-05-20T11:05:09 IST" duration-ms="22354">
      <class name="com.jivkisan.runners.RunCucumberTest">
        <test-method is-config="true" signature="setUpClass(org.testng.ITestContext)[pri:0, instance:com.jivkisan.runners.RunCucumberTest@a82c5f1]" started-at="2026-05-20T11:04:47 IST" name="setUpClass" finished-at="2026-05-20T11:04:47 IST" duration-ms="28" status="PASS">
          <params>
            <param index="0">
              <value>
                <![CDATA[org.testng.TestRunner@7808fb9]]>
              </value>
            </param>
          </params>
          <reporter-output>
          </reporter-output>
        </test-method> <!-- setUpClass -->
        <test-method signature="runScenario(io.cucumber.testng.PickleWrapper,io.cucumber.testng.FeatureWrapper)[pri:0, instance:com.jivkisan.runners.RunCucumberTest@a82c5f1]" started-at="2026-05-20T11:04:47 IST" name="runScenario" description="Runs Cucumber Scenarios" data-provider="scenarios" finished-at="2026-05-20T11:05:09 IST" duration-ms="21919" status="PASS">
          <params>
            <param index="0">
              <value>
                <![CDATA["Cart persistence check after refresh and re-login"]]>
              </value>
            </param>
            <param index="1">
              <value>
                <![CDATA["JivKisan Authentication"]]>
              </value>
            </param>
          </params>
          <reporter-output>
          </reporter-output>
        </test-method> <!-- runScenario -->
        <test-method signature="runScenario(io.cucumber.testng.PickleWrapper,io.cucumber.testng.FeatureWrapper)[pri:0, instance:com.jivkisan.runners.RunCucumberTest@a82c5f1]" started-at="2026-05-20T11:04:47 IST" name="runScenario" description="Runs Cucumber Scenarios" data-provider="scenarios" finished-at="2026-05-20T11:05:09 IST" duration-ms="22296" status="PASS">
          <params>
            <param index="0">
              <value>
                <![CDATA["Post message in Organic Raita forum and verify timestamp"]]>
              </value>
            </param>
            <param index="1">
              <value>
                <![CDATA["JivKisan Authentication"]]>
              </value>
            </param>
          </params>
          <reporter-output>
          </reporter-output>
        </test-method> <!-- runScenario -->
        <test-method is-config="true" signature="tearDownClass()[pri:0, instance:com.jivkisan.runners.RunCucumberTest@a82c5f1]" started-at="2026-05-20T11:05:09 IST" name="tearDownClass" finished-at="2026-05-20T11:05:09 IST" duration-ms="25" status="PASS">
          <reporter-output>
          </reporter-output>
        </test-method> <!-- tearDownClass -->
      </class> <!-- com.jivkisan.runners.RunCucumberTest -->
    </test> <!-- Execute Set E -->
    <test started-at="2026-05-20T11:05:09 IST" name="Execute Set F" finished-at="2026-05-20T11:05:42 IST" duration-ms="32604">
      <class name="com.jivkisan.runners.RunCucumberTest">
        <test-method is-config="true" signature="setUpClass(org.testng.ITestContext)[pri:0, instance:com.jivkisan.runners.RunCucumberTest@766653e6]" started-at="2026-05-20T11:05:09 IST" name="setUpClass" finished-at="2026-05-20T11:05:09 IST" duration-ms="14" status="PASS">
          <params>
            <param index="0">
              <value>
                <![CDATA[org.testng.TestRunner@773bd77b]]>
              </value>
            </param>
          </params>
          <reporter-output>
          </reporter-output>
        </test-method> <!-- setUpClass -->
        <test-method signature="runScenario(io.cucumber.testng.PickleWrapper,io.cucumber.testng.FeatureWrapper)[pri:0, instance:com.jivkisan.runners.RunCucumberTest@766653e6]" started-at="2026-05-20T11:05:09 IST" name="runScenario" description="Runs Cucumber Scenarios" data-provider="scenarios" finished-at="2026-05-20T11:05:42 IST" duration-ms="32565" status="PASS">
          <params>
            <param index="0">
              <value>
                <![CDATA["Admin approves pending applications and payments"]]>
              </value>
            </param>
            <param index="1">
              <value>
                <![CDATA["JivKisan Authentication"]]>
              </value>
            </param>
          </params>
          <reporter-output>
          </reporter-output>
        </test-method> <!-- runScenario -->
        <test-method signature="runScenario(io.cucumber.testng.PickleWrapper,io.cucumber.testng.FeatureWrapper)[pri:0, instance:com.jivkisan.runners.RunCucumberTest@766653e6]" started-at="2026-05-20T11:05:09 IST" name="runScenario" description="Runs Cucumber Scenarios" data-provider="scenarios" finished-at="2026-05-20T11:05:24 IST" duration-ms="14535" status="PASS">
          <params>
            <param index="0">
              <value>
                <![CDATA["Update item quantity in cart only done by respected seller"]]>
              </value>
            </param>
            <param index="1">
              <value>
                <![CDATA["JivKisan Authentication"]]>
              </value>
            </param>
          </params>
          <reporter-output>
          </reporter-output>
        </test-method> <!-- runScenario -->
        <test-method is-config="true" signature="tearDownClass()[pri:0, instance:com.jivkisan.runners.RunCucumberTest@766653e6]" started-at="2026-05-20T11:05:42 IST" name="tearDownClass" finished-at="2026-05-20T11:05:42 IST" duration-ms="21" status="PASS">
          <reporter-output>
          </reporter-output>
        </test-method> <!-- tearDownClass -->
      </class> <!-- com.jivkisan.runners.RunCucumberTest -->
    </test> <!-- Execute Set F -->
    <test started-at="2026-05-20T11:05:42 IST" name="Execute Set G" finished-at="2026-05-20T11:06:11 IST" duration-ms="29174">
      <class name="com.jivkisan.runners.RunCucumberTest">
        <test-method is-config="true" signature="setUpClass(org.testng.ITestContext)[pri:0, instance:com.jivkisan.runners.RunCucumberTest@3b79fd76]" started-at="2026-05-20T11:05:42 IST" name="setUpClass" finished-at="2026-05-20T11:05:42 IST" duration-ms="15" status="PASS">
          <params>
            <param index="0">
              <value>
                <![CDATA[org.testng.TestRunner@6b580b88]]>
              </value>
            </param>
          </params>
          <reporter-output>
          </reporter-output>
        </test-method> <!-- setUpClass -->
        <test-method signature="runScenario(io.cucumber.testng.PickleWrapper,io.cucumber.testng.FeatureWrapper)[pri:0, instance:com.jivkisan.runners.RunCucumberTest@3b79fd76]" started-at="2026-05-20T11:05:42 IST" name="runScenario" description="Runs Cucumber Scenarios" data-provider="scenarios" finished-at="2026-05-20T11:05:56 IST" duration-ms="14597" status="PASS">
          <params>
            <param index="0">
              <value>
                <![CDATA["Submit Supplier Application with Certificate"]]>
              </value>
            </param>
            <param index="1">
              <value>
                <![CDATA["JivKisan Authentication"]]>
              </value>
            </param>
          </params>
          <reporter-output>
          </reporter-output>
        </test-method> <!-- runScenario -->
        <test-method signature="runScenario(io.cucumber.testng.PickleWrapper,io.cucumber.testng.FeatureWrapper)[pri:0, instance:com.jivkisan.runners.RunCucumberTest@3b79fd76]" started-at="2026-05-20T11:05:42 IST" name="runScenario" description="Runs Cucumber Scenarios" data-provider="scenarios" finished-at="2026-05-20T11:06:11 IST" duration-ms="29134" status="PASS">
          <params>
            <param index="0">
              <value>
                <![CDATA["Session logout and back button protection for Organic Raita"]]>
              </value>
            </param>
            <param index="1">
              <value>
                <![CDATA["JivKisan Authentication"]]>
              </value>
            </param>
          </params>
          <reporter-output>
          </reporter-output>
        </test-method> <!-- runScenario -->
        <test-method is-config="true" signature="tearDownClass()[pri:0, instance:com.jivkisan.runners.RunCucumberTest@3b79fd76]" started-at="2026-05-20T11:06:11 IST" name="tearDownClass" finished-at="2026-05-20T11:06:11 IST" duration-ms="22" status="PASS">
          <reporter-output>
          </reporter-output>
        </test-method> <!-- tearDownClass -->
      </class> <!-- com.jivkisan.runners.RunCucumberTest -->
    </test> <!-- Execute Set G -->
    <test started-at="2026-05-20T11:06:11 IST" name="Execute Set H" finished-at="2026-05-20T11:06:26 IST" duration-ms="15237">
      <class name="com.jivkisan.runners.RunCucumberTest">
        <test-method is-config="true" signature="setUpClass(org.testng.ITestContext)[pri:0, instance:com.jivkisan.runners.RunCucumberTest@6b6776cb]" started-at="2026-05-20T11:06:11 IST" name="setUpClass" finished-at="2026-05-20T11:06:11 IST" duration-ms="17" status="PASS">
          <params>
            <param index="0">
              <value>
                <![CDATA[org.testng.TestRunner@6d91790b]]>
              </value>
            </param>
          </params>
          <reporter-output>
          </reporter-output>
        </test-method> <!-- setUpClass -->
        <test-method signature="runScenario(io.cucumber.testng.PickleWrapper,io.cucumber.testng.FeatureWrapper)[pri:0, instance:com.jivkisan.runners.RunCucumberTest@6b6776cb]" started-at="2026-05-20T11:06:11 IST" name="runScenario" description="Runs Cucumber Scenarios" data-provider="scenarios" finished-at="2026-05-20T11:06:26 IST" duration-ms="15172" status="PASS">
          <params>
            <param index="0">
              <value>
                <![CDATA["Verify search functionality across All Products and Organic panels"]]>
              </value>
            </param>
            <param index="1">
              <value>
                <![CDATA["JivKisan Authentication"]]>
              </value>
            </param>
          </params>
          <reporter-output>
          </reporter-output>
        </test-method> <!-- runScenario -->
        <test-method signature="runScenario(io.cucumber.testng.PickleWrapper,io.cucumber.testng.FeatureWrapper)[pri:0, instance:com.jivkisan.runners.RunCucumberTest@6b6776cb]" started-at="2026-05-20T11:06:11 IST" name="runScenario" description="Runs Cucumber Scenarios" data-provider="scenarios" finished-at="2026-05-20T11:06:23 IST" duration-ms="11870" status="PASS">
          <params>
            <param index="0">
              <value>
                <![CDATA["Validate External Mandi API Data Structure"]]>
              </value>
            </param>
            <param index="1">
              <value>
                <![CDATA["JivKisan Authentication"]]>
              </value>
            </param>
          </params>
          <reporter-output>
          </reporter-output>
        </test-method> <!-- runScenario -->
        <test-method is-config="true" signature="tearDownClass()[pri:0, instance:com.jivkisan.runners.RunCucumberTest@6b6776cb]" started-at="2026-05-20T11:06:26 IST" name="tearDownClass" finished-at="2026-05-20T11:06:26 IST" duration-ms="44" status="PASS">
          <reporter-output>
          </reporter-output>
        </test-method> <!-- tearDownClass -->
      </class> <!-- com.jivkisan.runners.RunCucumberTest -->
    </test> <!-- Execute Set H -->
    <test started-at="2026-05-20T11:06:26 IST" name="Execute Set I" finished-at="2026-05-20T11:06:41 IST" duration-ms="15364">
      <class name="com.jivkisan.runners.RunCucumberTest">
        <test-method is-config="true" signature="setUpClass(org.testng.ITestContext)[pri:0, instance:com.jivkisan.runners.RunCucumberTest@55c53a33]" started-at="2026-05-20T11:06:26 IST" name="setUpClass" finished-at="2026-05-20T11:06:26 IST" duration-ms="34" status="PASS">
          <params>
            <param index="0">
              <value>
                <![CDATA[org.testng.TestRunner@6e6fce47]]>
              </value>
            </param>
          </params>
          <reporter-output>
          </reporter-output>
        </test-method> <!-- setUpClass -->
        <test-method signature="runScenario(io.cucumber.testng.PickleWrapper,io.cucumber.testng.FeatureWrapper)[pri:0, instance:com.jivkisan.runners.RunCucumberTest@55c53a33]" started-at="2026-05-20T11:06:26 IST" name="runScenario" description="Runs Cucumber Scenarios" data-provider="scenarios" finished-at="2026-05-20T11:06:41 IST" duration-ms="15292" status="PASS">
          <params>
            <param index="0">
              <value>
                <![CDATA["Validate Supplier Certificate Base64 Payload Performance"]]>
              </value>
            </param>
            <param index="1">
              <value>
                <![CDATA["JivKisan Authentication"]]>
              </value>
            </param>
          </params>
          <reporter-output>
          </reporter-output>
        </test-method> <!-- runScenario -->
        <test-method signature="runScenario(io.cucumber.testng.PickleWrapper,io.cucumber.testng.FeatureWrapper)[pri:0, instance:com.jivkisan.runners.RunCucumberTest@55c53a33]" started-at="2026-05-20T11:06:26 IST" name="runScenario" description="Runs Cucumber Scenarios" data-provider="scenarios" finished-at="2026-05-20T11:06:37 IST" duration-ms="11155" status="PASS">
          <params>
            <param index="0">
              <value>
                <![CDATA["Validate AI Advisory opens in a new tab"]]>
              </value>
            </param>
            <param index="1">
              <value>
                <![CDATA["JivKisan Authentication"]]>
              </value>
            </param>
          </params>
          <reporter-output>
          </reporter-output>
        </test-method> <!-- runScenario -->
        <test-method is-config="true" signature="tearDownClass()[pri:0, instance:com.jivkisan.runners.RunCucumberTest@55c53a33]" started-at="2026-05-20T11:06:41 IST" name="tearDownClass" finished-at="2026-05-20T11:06:41 IST" duration-ms="35" status="PASS">
          <reporter-output>
          </reporter-output>
        </test-method> <!-- tearDownClass -->
      </class> <!-- com.jivkisan.runners.RunCucumberTest -->
    </test> <!-- Execute Set I -->
    <test started-at="2026-05-20T11:06:41 IST" name="Execute Set J" finished-at="2026-05-20T11:06:52 IST" duration-ms="10861">
      <class name="com.jivkisan.runners.RunCucumberTest">
        <test-method is-config="true" signature="setUpClass(org.testng.ITestContext)[pri:0, instance:com.jivkisan.runners.RunCucumberTest@26df6e3a]" started-at="2026-05-20T11:06:41 IST" name="setUpClass" finished-at="2026-05-20T11:06:41 IST" duration-ms="18" status="PASS">
          <params>
            <param index="0">
              <value>
                <![CDATA[org.testng.TestRunner@47c64cfe]]>
              </value>
            </param>
          </params>
          <reporter-output>
          </reporter-output>
        </test-method> <!-- setUpClass -->
        <test-method signature="runScenario(io.cucumber.testng.PickleWrapper,io.cucumber.testng.FeatureWrapper)[pri:0, instance:com.jivkisan.runners.RunCucumberTest@26df6e3a]" started-at="2026-05-20T11:06:41 IST" name="runScenario" description="Runs Cucumber Scenarios" data-provider="scenarios" finished-at="2026-05-20T11:06:52 IST" duration-ms="10819" status="PASS">
          <params>
            <param index="0">
              <value>
                <![CDATA["Validate Interactive Embedding Frame Content View"]]>
              </value>
            </param>
            <param index="1">
              <value>
                <![CDATA["JivKisan Authentication"]]>
              </value>
            </param>
          </params>
          <reporter-output>
          </reporter-output>
        </test-method> <!-- runScenario -->
        <test-method is-config="true" signature="tearDownClass()[pri:0, instance:com.jivkisan.runners.RunCucumberTest@26df6e3a]" started-at="2026-05-20T11:06:52 IST" name="tearDownClass" finished-at="2026-05-20T11:06:52 IST" duration-ms="21" status="PASS">
          <reporter-output>
          </reporter-output>
        </test-method> <!-- tearDownClass -->
      </class> <!-- com.jivkisan.runners.RunCucumberTest -->
    </test> <!-- Execute Set J -->
    <test started-at="2026-05-20T11:06:52 IST" name="Execute Set K - Launch TestNG Report" finished-at="2026-05-20T11:06:55 IST" duration-ms="3092">
      <class name="com.jivkisan.runners.AutoItReportTest">
        <test-method signature="executeAutoItReportReader()[pri:0, instance:com.jivkisan.runners.AutoItReportTest@4b5189ac]" started-at="2026-05-20T11:06:52 IST" name="executeAutoItReportReader" finished-at="2026-05-20T11:06:55 IST" duration-ms="3090" status="PASS">
          <reporter-output>
          </reporter-output>
        </test-method> <!-- executeAutoItReportReader -->
      </class> <!-- com.jivkisan.runners.AutoItReportTest -->
    </test> <!-- Execute Set K - Launch TestNG Report -->
  </suite> <!-- JivKisan Strict Ordered Suite -->
</testng-results>
