<?xml version="1.0" encoding="UTF-8"?>
<!-- Generated by org.testng.reporters.JUnitReportReporter -->
<testsuite hostname="LTPBAN322675834" failures="0" tests="5" name="com.jivkisan.runners.RunCucumberTest" time="53.595" errors="0" timestamp="2026-05-06T11:03:17 IST" skipped="0">
  <testcase classname="com.jivkisan.runners.RunCucumberTest" name="runScenario" time="7.889"/>
  <testcase classname="com.jivkisan.runners.RunCucumberTest" name="runScenario" time="10.467"/>
  <testcase classname="com.jivkisan.runners.RunCucumberTest" name="runScenario" time="12.012"/>
  <testcase classname="com.jivkisan.runners.RunCucumberTest" name="runScenario" time="7.881"/>
  <testcase classname="com.jivkisan.runners.RunCucumberTest" name="runScenario" time="15.346"/>
</testsuite> <!-- com.jivkisan.runners.RunCucumberTest -->
