<?xml version="1.0" encoding="UTF-8"?>
<!-- Generated by org.testng.reporters.JUnitReportReporter -->
<testsuite hostname="LTPBAN322675624" failures="0" tests="19" name="com.jivkisan.runners.RunCucumberTest" time="311.479" errors="0" timestamp="2026-05-20T11:06:56 IST" skipped="0">
  <testcase classname="com.jivkisan.runners.RunCucumberTest" name="runScenario" time="11.870"/>
  <testcase classname="com.jivkisan.runners.RunCucumberTest" name="runScenario" time="26.754"/>
  <testcase classname="com.jivkisan.runners.RunCucumberTest" name="runScenario" time="15.292"/>
  <testcase classname="com.jivkisan.runners.RunCucumberTest" name="runScenario" time="9.161"/>
  <testcase classname="com.jivkisan.runners.RunCucumberTest" name="runScenario" time="16.248"/>
  <testcase classname="com.jivkisan.runners.RunCucumberTest" name="runScenario" time="11.155"/>
  <testcase classname="com.jivkisan.runners.RunCucumberTest" name="runScenario" time="14.597"/>
  <testcase classname="com.jivkisan.runners.RunCucumberTest" name="runScenario" time="22.296"/>
  <testcase classname="com.jivkisan.runners.RunCucumberTest" name="runScenario" time="29.134"/>
  <testcase classname="com.jivkisan.runners.RunCucumberTest" name="runScenario" time="14.535"/>
  <testcase classname="com.jivkisan.runners.RunCucumberTest" name="runScenario" time="9.964"/>
  <testcase classname="com.jivkisan.runners.RunCucumberTest" name="runScenario" time="15.172"/>
  <testcase classname="com.jivkisan.runners.RunCucumberTest" name="runScenario" time="10.721"/>
  <testcase classname="com.jivkisan.runners.RunCucumberTest" name="runScenario" time="16.663"/>
  <testcase classname="com.jivkisan.runners.RunCucumberTest" name="runScenario" time="12.592"/>
  <testcase classname="com.jivkisan.runners.RunCucumberTest" name="runScenario" time="21.919"/>
  <testcase classname="com.jivkisan.runners.RunCucumberTest" name="runScenario" time="10.022"/>
  <testcase classname="com.jivkisan.runners.RunCucumberTest" name="runScenario" time="32.565"/>
  <testcase classname="com.jivkisan.runners.RunCucumberTest" name="runScenario" time="10.819"/>
</testsuite> <!-- com.jivkisan.runners.RunCucumberTest -->
